{"/home/itproger/Desktop/coding/rsschool/alisherova-JSFEEN2022Q3/unit-testing/array_methods/chunk.js": {"path":"/home/itproger/Desktop/coding/rsschool/alisherova-JSFEEN2022Q3/unit-testing/array_methods/chunk.js","statementMap":{"0":{"start":{"line":3,"column":15},"end":{"line":3,"column":17}},"1":{"start":{"line":5,"column":2},"end":{"line":11,"column":1}},"2":{"start":{"line":6,"column":6},"end":{"line":6,"column":30}},"3":{"start":{"line":7,"column":4},"end":{"line":9,"column":5}},"4":{"start":{"line":7,"column":17},"end":{"line":7,"column":18}},"5":{"start":{"line":8,"column":6},"end":{"line":8,"column":30}},"6":{"start":{"line":10,"column":4},"end":{"line":10,"column":22}},"7":{"start":{"line":13,"column":0},"end":{"line":13,"column":14}},"8":{"start":{"line":16,"column":0},"end":{"line":16,"column":14}},"9":{"start":{"line":18,"column":0},"end":{"line":18,"column":23}}},"fnMap":{"0":{"name":"chunk","decl":{"start":{"line":1,"column":9},"end":{"line":1,"column":14}},"loc":{"start":{"line":1,"column":32},"end":{"line":14,"column":1}},"line":1}},"branchMap":{"0":{"loc":{"start":{"line":1,"column":22},"end":{"line":1,"column":30}},"type":"default-arg","locations":[{"start":{"line":1,"column":29},"end":{"line":1,"column":30}}],"line":1},"1":{"loc":{"start":{"line":7,"column":20},"end":{"line":7,"column":52}},"type":"binary-expr","locations":[{"start":{"line":7,"column":20},"end":{"line":7,"column":28}},{"start":{"line":7,"column":32},"end":{"line":7,"column":52}}],"line":7}},"s":{"0":3,"1":3,"2":11,"3":11,"4":11,"5":13,"6":11,"7":3,"8":1,"9":1},"f":{"0":3},"b":{"0":[2],"1":[24,14]},"_coverageSchema":"1a1c01bbd47fc00a2c39e90264f33305004495a9","hash":"12d5beff78696087a984f63d5f7e354d234f575b"}
,"/home/itproger/Desktop/coding/rsschool/alisherova-JSFEEN2022Q3/unit-testing/array_methods/compact.js": {"path":"/home/itproger/Desktop/coding/rsschool/alisherova-JSFEEN2022Q3/unit-testing/array_methods/compact.js","statementMap":{"0":{"start":{"line":8,"column":19},"end":{"line":8,"column":21}},"1":{"start":{"line":9,"column":4},"end":{"line":14,"column":5}},"2":{"start":{"line":9,"column":14},"end":{"line":9,"column":15}},"3":{"start":{"line":9,"column":21},"end":{"line":9,"column":22}},"4":{"start":{"line":10,"column":8},"end":{"line":13,"column":9}},"5":{"start":{"line":11,"column":12},"end":{"line":11,"column":34}},"6":{"start":{"line":12,"column":12},"end":{"line":12,"column":15}},"7":{"start":{"line":15,"column":4},"end":{"line":15,"column":19}},"8":{"start":{"line":18,"column":0},"end":{"line":18,"column":33}},"9":{"start":{"line":20,"column":0},"end":{"line":20,"column":24}}},"fnMap":{"0":{"name":"compact","decl":{"start":{"line":7,"column":9},"end":{"line":7,"column":16}},"loc":{"start":{"line":7,"column":23},"end":{"line":16,"column":1}},"line":7}},"branchMap":{"0":{"loc":{"start":{"line":10,"column":8},"end":{"line":13,"column":9}},"type":"if","locations":[{"start":{"line":10,"column":8},"end":{"line":13,"column":9}},{"start":{},"end":{}}],"line":10}},"s":{"0":3,"1":3,"2":3,"3":3,"4":18,"5":6,"6":6,"7":3,"8":1,"9":1},"f":{"0":3},"b":{"0":[6,12]},"_coverageSchema":"1a1c01bbd47fc00a2c39e90264f33305004495a9","hash":"640836af88e37b0f7537c77c1dd9de3ca08b81e4"}
,"/home/itproger/Desktop/coding/rsschool/alisherova-JSFEEN2022Q3/unit-testing/array_methods/drop.js": {"path":"/home/itproger/Desktop/coding/rsschool/alisherova-JSFEEN2022Q3/unit-testing/array_methods/drop.js","statementMap":{"0":{"start":{"line":16,"column":19},"end":{"line":16,"column":21}},"1":{"start":{"line":17,"column":6},"end":{"line":23,"column":5}},"2":{"start":{"line":18,"column":8},"end":{"line":21,"column":9}},"3":{"start":{"line":18,"column":20},"end":{"line":18,"column":21}},"4":{"start":{"line":18,"column":27},"end":{"line":18,"column":28}},"5":{"start":{"line":19,"column":12},"end":{"line":19,"column":34}},"6":{"start":{"line":20,"column":12},"end":{"line":20,"column":16}},"7":{"start":{"line":22,"column":8},"end":{"line":22,"column":24}},"8":{"start":{"line":24,"column":4},"end":{"line":24,"column":16}},"9":{"start":{"line":28,"column":0},"end":{"line":28,"column":38}},"10":{"start":{"line":30,"column":0},"end":{"line":30,"column":22}}},"fnMap":{"0":{"name":"drop","decl":{"start":{"line":15,"column":9},"end":{"line":15,"column":13}},"loc":{"start":{"line":15,"column":27},"end":{"line":25,"column":1}},"line":15}},"branchMap":{"0":{"loc":{"start":{"line":15,"column":21},"end":{"line":15,"column":26}},"type":"default-arg","locations":[{"start":{"line":15,"column":25},"end":{"line":15,"column":26}}],"line":15},"1":{"loc":{"start":{"line":17,"column":6},"end":{"line":23,"column":5}},"type":"if","locations":[{"start":{"line":17,"column":6},"end":{"line":23,"column":5}},{"start":{},"end":{}}],"line":17}},"s":{"0":6,"1":6,"2":4,"3":4,"4":4,"5":6,"6":6,"7":4,"8":2,"9":1,"10":1},"f":{"0":6},"b":{"0":[1],"1":[4,2]},"_coverageSchema":"1a1c01bbd47fc00a2c39e90264f33305004495a9","hash":"a63465a14d9099a1cefc17b5fa4acbdbc0f8a721"}
,"/home/itproger/Desktop/coding/rsschool/alisherova-JSFEEN2022Q3/unit-testing/array_methods/dropWhile.js": {"path":"/home/itproger/Desktop/coding/rsschool/alisherova-JSFEEN2022Q3/unit-testing/array_methods/dropWhile.js","statementMap":{"0":{"start":{"line":5,"column":12},"end":{"line":9,"column":3}},"1":{"start":{"line":28,"column":4},"end":{"line":34,"column":7}},"2":{"start":{"line":29,"column":8},"end":{"line":33,"column":9}},"3":{"start":{"line":29,"column":21},"end":{"line":29,"column":22}},"4":{"start":{"line":30,"column":10},"end":{"line":32,"column":11}},"5":{"start":{"line":31,"column":12},"end":{"line":31,"column":28}},"6":{"start":{"line":35,"column":14},"end":{"line":35,"column":16}},"7":{"start":{"line":36,"column":12},"end":{"line":36,"column":13}},"8":{"start":{"line":37,"column":4},"end":{"line":71,"column":5}},"9":{"start":{"line":37,"column":16},"end":{"line":37,"column":17}},"10":{"start":{"line":38,"column":8},"end":{"line":70,"column":9}},"11":{"start":{"line":39,"column":12},"end":{"line":45,"column":13}},"12":{"start":{"line":40,"column":16},"end":{"line":44,"column":17}},"13":{"start":{"line":41,"column":20},"end":{"line":41,"column":37}},"14":{"start":{"line":42,"column":20},"end":{"line":42,"column":23}},"15":{"start":{"line":43,"column":20},"end":{"line":43,"column":25}},"16":{"start":{"line":46,"column":12},"end":{"line":56,"column":13}},"17":{"start":{"line":47,"column":16},"end":{"line":55,"column":17}},"18":{"start":{"line":47,"column":28},"end":{"line":47,"column":29}},"19":{"start":{"line":48,"column":20},"end":{"line":54,"column":21}},"20":{"start":{"line":49,"column":24},"end":{"line":53,"column":25}},"21":{"start":{"line":50,"column":28},"end":{"line":50,"column":45}},"22":{"start":{"line":51,"column":28},"end":{"line":51,"column":31}},"23":{"start":{"line":52,"column":28},"end":{"line":52,"column":33}},"24":{"start":{"line":57,"column":12},"end":{"line":69,"column":13}},"25":{"start":{"line":59,"column":16},"end":{"line":68,"column":17}},"26":{"start":{"line":60,"column":20},"end":{"line":67,"column":21}},"27":{"start":{"line":61,"column":24},"end":{"line":65,"column":25}},"28":{"start":{"line":62,"column":28},"end":{"line":62,"column":45}},"29":{"start":{"line":63,"column":28},"end":{"line":63,"column":31}},"30":{"start":{"line":64,"column":28},"end":{"line":64,"column":33}},"31":{"start":{"line":66,"column":24},"end":{"line":66,"column":29}},"32":{"start":{"line":72,"column":4},"end":{"line":72,"column":14}},"33":{"start":{"line":75,"column":0},"end":{"line":75,"column":65}},"34":{"start":{"line":75,"column":43},"end":{"line":75,"column":60}},"35":{"start":{"line":76,"column":0},"end":{"line":76,"column":27}}},"fnMap":{"0":{"name":"dropWhile","decl":{"start":{"line":27,"column":11},"end":{"line":27,"column":20}},"loc":{"start":{"line":27,"column":33},"end":{"line":73,"column":1}},"line":27},"1":{"name":"(anonymous_1)","decl":{"start":{"line":75,"column":29},"end":{"line":75,"column":30}},"loc":{"start":{"line":75,"column":41},"end":{"line":75,"column":62}},"line":75}},"branchMap":{"0":{"loc":{"start":{"line":28,"column":4},"end":{"line":34,"column":7}},"type":"if","locations":[{"start":{"line":28,"column":4},"end":{"line":34,"column":7}},{"start":{},"end":{}}],"line":28},"1":{"loc":{"start":{"line":30,"column":10},"end":{"line":32,"column":11}},"type":"if","locations":[{"start":{"line":30,"column":10},"end":{"line":32,"column":11}},{"start":{},"end":{}}],"line":30},"2":{"loc":{"start":{"line":39,"column":12},"end":{"line":45,"column":13}},"type":"if","locations":[{"start":{"line":39,"column":12},"end":{"line":45,"column":13}},{"start":{},"end":{}}],"line":39},"3":{"loc":{"start":{"line":40,"column":16},"end":{"line":44,"column":17}},"type":"if","locations":[{"start":{"line":40,"column":16},"end":{"line":44,"column":17}},{"start":{},"end":{}}],"line":40},"4":{"loc":{"start":{"line":46,"column":12},"end":{"line":56,"column":13}},"type":"if","locations":[{"start":{"line":46,"column":12},"end":{"line":56,"column":13}},{"start":{},"end":{}}],"line":46},"5":{"loc":{"start":{"line":46,"column":15},"end":{"line":46,"column":69}},"type":"binary-expr","locations":[{"start":{"line":46,"column":15},"end":{"line":46,"column":39}},{"start":{"line":46,"column":43},"end":{"line":46,"column":69}}],"line":46},"6":{"loc":{"start":{"line":48,"column":20},"end":{"line":54,"column":21}},"type":"if","locations":[{"start":{"line":48,"column":20},"end":{"line":54,"column":21}},{"start":{},"end":{}}],"line":48},"7":{"loc":{"start":{"line":49,"column":24},"end":{"line":53,"column":25}},"type":"if","locations":[{"start":{"line":49,"column":24},"end":{"line":53,"column":25}},{"start":{},"end":{}}],"line":49},"8":{"loc":{"start":{"line":49,"column":27},"end":{"line":49,"column":79}},"type":"binary-expr","locations":[{"start":{"line":49,"column":27},"end":{"line":49,"column":41}},{"start":{"line":49,"column":45},"end":{"line":49,"column":79}}],"line":49},"9":{"loc":{"start":{"line":49,"column":63},"end":{"line":49,"column":78}},"type":"binary-expr","locations":[{"start":{"line":49,"column":63},"end":{"line":49,"column":70}},{"start":{"line":49,"column":74},"end":{"line":49,"column":78}}],"line":49},"10":{"loc":{"start":{"line":57,"column":12},"end":{"line":69,"column":13}},"type":"if","locations":[{"start":{"line":57,"column":12},"end":{"line":69,"column":13}},{"start":{},"end":{}}],"line":57},"11":{"loc":{"start":{"line":57,"column":15},"end":{"line":57,"column":69}},"type":"binary-expr","locations":[{"start":{"line":57,"column":15},"end":{"line":57,"column":39}},{"start":{"line":57,"column":43},"end":{"line":57,"column":69}}],"line":57},"12":{"loc":{"start":{"line":60,"column":20},"end":{"line":67,"column":21}},"type":"if","locations":[{"start":{"line":60,"column":20},"end":{"line":67,"column":21}},{"start":{},"end":{}}],"line":60},"13":{"loc":{"start":{"line":60,"column":24},"end":{"line":60,"column":60}},"type":"binary-expr","locations":[{"start":{"line":60,"column":24},"end":{"line":60,"column":32}},{"start":{"line":60,"column":36},"end":{"line":60,"column":60}}],"line":60},"14":{"loc":{"start":{"line":61,"column":24},"end":{"line":65,"column":25}},"type":"if","locations":[{"start":{"line":61,"column":24},"end":{"line":65,"column":25}},{"start":{},"end":{}}],"line":61}},"s":{"0":1,"1":4,"2":1,"3":1,"4":3,"5":1,"6":3,"7":3,"8":3,"9":3,"10":9,"11":24,"12":6,"13":3,"14":3,"15":3,"16":21,"17":9,"18":9,"19":17,"20":17,"21":1,"22":1,"23":1,"24":21,"25":9,"26":17,"27":3,"28":2,"29":2,"30":2,"31":1,"32":3,"33":1,"34":3,"35":1},"f":{"0":4,"1":3},"b":{"0":[1,3],"1":[1,2],"2":[6,18],"3":[3,3],"4":[9,12],"5":[21,18],"6":[17,0],"7":[1,16],"8":[17,5],"9":[5,0],"10":[9,12],"11":[21,18],"12":[3,14],"13":[17,6],"14":[2,1]},"_coverageSchema":"1a1c01bbd47fc00a2c39e90264f33305004495a9","hash":"a73490723e026646a886383f4e607e599b966451"}
,"/home/itproger/Desktop/coding/rsschool/alisherova-JSFEEN2022Q3/unit-testing/array_methods/filter.js": {"path":"/home/itproger/Desktop/coding/rsschool/alisherova-JSFEEN2022Q3/unit-testing/array_methods/filter.js","statementMap":{"0":{"start":{"line":3,"column":14},"end":{"line":9,"column":1}},"1":{"start":{"line":27,"column":4},"end":{"line":33,"column":7}},"2":{"start":{"line":28,"column":8},"end":{"line":32,"column":9}},"3":{"start":{"line":28,"column":21},"end":{"line":28,"column":22}},"4":{"start":{"line":29,"column":10},"end":{"line":31,"column":11}},"5":{"start":{"line":30,"column":12},"end":{"line":30,"column":28}},"6":{"start":{"line":34,"column":4},"end":{"line":58,"column":5}},"7":{"start":{"line":34,"column":16},"end":{"line":34,"column":17}},"8":{"start":{"line":35,"column":8},"end":{"line":57,"column":9}},"9":{"start":{"line":36,"column":12},"end":{"line":40,"column":13}},"10":{"start":{"line":37,"column":16},"end":{"line":39,"column":17}},"11":{"start":{"line":38,"column":20},"end":{"line":38,"column":35}},"12":{"start":{"line":41,"column":12},"end":{"line":49,"column":13}},"13":{"start":{"line":42,"column":16},"end":{"line":48,"column":17}},"14":{"start":{"line":42,"column":28},"end":{"line":42,"column":29}},"15":{"start":{"line":43,"column":20},"end":{"line":47,"column":21}},"16":{"start":{"line":44,"column":24},"end":{"line":46,"column":25}},"17":{"start":{"line":45,"column":28},"end":{"line":45,"column":43}},"18":{"start":{"line":50,"column":12},"end":{"line":56,"column":13}},"19":{"start":{"line":51,"column":16},"end":{"line":55,"column":17}},"20":{"start":{"line":52,"column":20},"end":{"line":54,"column":21}},"21":{"start":{"line":53,"column":24},"end":{"line":53,"column":39}},"22":{"start":{"line":61,"column":0},"end":{"line":61,"column":38}},"23":{"start":{"line":63,"column":0},"end":{"line":63,"column":23}}},"fnMap":{"0":{"name":"filter","decl":{"start":{"line":26,"column":9},"end":{"line":26,"column":15}},"loc":{"start":{"line":26,"column":28},"end":{"line":59,"column":1}},"line":26}},"branchMap":{"0":{"loc":{"start":{"line":27,"column":4},"end":{"line":33,"column":7}},"type":"if","locations":[{"start":{"line":27,"column":4},"end":{"line":33,"column":7}},{"start":{},"end":{}}],"line":27},"1":{"loc":{"start":{"line":29,"column":10},"end":{"line":31,"column":11}},"type":"if","locations":[{"start":{"line":29,"column":10},"end":{"line":31,"column":11}},{"start":{},"end":{}}],"line":29},"2":{"loc":{"start":{"line":36,"column":12},"end":{"line":40,"column":13}},"type":"if","locations":[{"start":{"line":36,"column":12},"end":{"line":40,"column":13}},{"start":{},"end":{}}],"line":36},"3":{"loc":{"start":{"line":37,"column":16},"end":{"line":39,"column":17}},"type":"if","locations":[{"start":{"line":37,"column":16},"end":{"line":39,"column":17}},{"start":{},"end":{}}],"line":37},"4":{"loc":{"start":{"line":37,"column":19},"end":{"line":37,"column":55}},"type":"binary-expr","locations":[{"start":{"line":37,"column":19},"end":{"line":37,"column":30}},{"start":{"line":37,"column":34},"end":{"line":37,"column":55}}],"line":37},"5":{"loc":{"start":{"line":41,"column":12},"end":{"line":49,"column":13}},"type":"if","locations":[{"start":{"line":41,"column":12},"end":{"line":49,"column":13}},{"start":{},"end":{}}],"line":41},"6":{"loc":{"start":{"line":41,"column":15},"end":{"line":41,"column":69}},"type":"binary-expr","locations":[{"start":{"line":41,"column":15},"end":{"line":41,"column":39}},{"start":{"line":41,"column":43},"end":{"line":41,"column":69}}],"line":41},"7":{"loc":{"start":{"line":43,"column":20},"end":{"line":47,"column":21}},"type":"if","locations":[{"start":{"line":43,"column":20},"end":{"line":47,"column":21}},{"start":{},"end":{}}],"line":43},"8":{"loc":{"start":{"line":44,"column":24},"end":{"line":46,"column":25}},"type":"if","locations":[{"start":{"line":44,"column":24},"end":{"line":46,"column":25}},{"start":{},"end":{}}],"line":44},"9":{"loc":{"start":{"line":44,"column":27},"end":{"line":44,"column":79}},"type":"binary-expr","locations":[{"start":{"line":44,"column":27},"end":{"line":44,"column":41}},{"start":{"line":44,"column":45},"end":{"line":44,"column":79}}],"line":44},"10":{"loc":{"start":{"line":44,"column":63},"end":{"line":44,"column":78}},"type":"binary-expr","locations":[{"start":{"line":44,"column":63},"end":{"line":44,"column":70}},{"start":{"line":44,"column":74},"end":{"line":44,"column":78}}],"line":44},"11":{"loc":{"start":{"line":50,"column":12},"end":{"line":56,"column":13}},"type":"if","locations":[{"start":{"line":50,"column":12},"end":{"line":56,"column":13}},{"start":{},"end":{}}],"line":50},"12":{"loc":{"start":{"line":50,"column":15},"end":{"line":50,"column":69}},"type":"binary-expr","locations":[{"start":{"line":50,"column":15},"end":{"line":50,"column":39}},{"start":{"line":50,"column":43},"end":{"line":50,"column":69}}],"line":50},"13":{"loc":{"start":{"line":52,"column":20},"end":{"line":54,"column":21}},"type":"if","locations":[{"start":{"line":52,"column":20},"end":{"line":54,"column":21}},{"start":{},"end":{}}],"line":52},"14":{"loc":{"start":{"line":52,"column":23},"end":{"line":52,"column":59}},"type":"binary-expr","locations":[{"start":{"line":52,"column":23},"end":{"line":52,"column":31}},{"start":{"line":52,"column":35},"end":{"line":52,"column":59}}],"line":52}},"s":{"0":1,"1":5,"2":1,"3":1,"4":2,"5":1,"6":4,"7":4,"8":7,"9":19,"10":6,"11":2,"12":17,"13":6,"14":6,"15":11,"16":11,"17":1,"18":16,"19":7,"20":13,"21":1,"22":1,"23":1},"f":{"0":5},"b":{"0":[1,4],"1":[1,1],"2":[6,13],"3":[2,4],"4":[6,2],"5":[6,11],"6":[17,13],"7":[11,0],"8":[1,10],"9":[11,3],"10":[3,0],"11":[7,9],"12":[16,12],"13":[1,12],"14":[13,5]},"_coverageSchema":"1a1c01bbd47fc00a2c39e90264f33305004495a9","hash":"2b9a6e22592d9dd4db69c51ad757b8272608b38a"}
,"/home/itproger/Desktop/coding/rsschool/alisherova-JSFEEN2022Q3/unit-testing/array_methods/find.js": {"path":"/home/itproger/Desktop/coding/rsschool/alisherova-JSFEEN2022Q3/unit-testing/array_methods/find.js","statementMap":{"0":{"start":{"line":4,"column":12},"end":{"line":8,"column":1}},"1":{"start":{"line":26,"column":4},"end":{"line":59,"column":5}},"2":{"start":{"line":27,"column":6},"end":{"line":31,"column":7}},"3":{"start":{"line":27,"column":19},"end":{"line":27,"column":20}},"4":{"start":{"line":28,"column":8},"end":{"line":30,"column":9}},"5":{"start":{"line":29,"column":10},"end":{"line":29,"column":26}},"6":{"start":{"line":32,"column":11},"end":{"line":59,"column":5}},"7":{"start":{"line":33,"column":6},"end":{"line":44,"column":7}},"8":{"start":{"line":33,"column":19},"end":{"line":33,"column":20}},"9":{"start":{"line":34,"column":20},"end":{"line":34,"column":24}},"10":{"start":{"line":35,"column":8},"end":{"line":40,"column":9}},"11":{"start":{"line":36,"column":10},"end":{"line":39,"column":11}},"12":{"start":{"line":37,"column":12},"end":{"line":37,"column":26}},"13":{"start":{"line":38,"column":12},"end":{"line":38,"column":18}},"14":{"start":{"line":41,"column":8},"end":{"line":43,"column":9}},"15":{"start":{"line":42,"column":10},"end":{"line":42,"column":26}},"16":{"start":{"line":45,"column":11},"end":{"line":59,"column":5}},"17":{"start":{"line":46,"column":20},"end":{"line":46,"column":32}},"18":{"start":{"line":47,"column":20},"end":{"line":47,"column":32}},"19":{"start":{"line":48,"column":6},"end":{"line":52,"column":7}},"20":{"start":{"line":48,"column":19},"end":{"line":48,"column":20}},"21":{"start":{"line":49,"column":8},"end":{"line":51,"column":9}},"22":{"start":{"line":50,"column":10},"end":{"line":50,"column":26}},"23":{"start":{"line":54,"column":6},"end":{"line":58,"column":7}},"24":{"start":{"line":54,"column":19},"end":{"line":54,"column":20}},"25":{"start":{"line":55,"column":8},"end":{"line":57,"column":9}},"26":{"start":{"line":56,"column":10},"end":{"line":56,"column":26}},"27":{"start":{"line":60,"column":4},"end":{"line":60,"column":21}},"28":{"start":{"line":64,"column":2},"end":{"line":64,"column":23}},"29":{"start":{"line":65,"column":2},"end":{"line":65,"column":23}}},"fnMap":{"0":{"name":"find","decl":{"start":{"line":25,"column":9},"end":{"line":25,"column":13}},"loc":{"start":{"line":25,"column":32},"end":{"line":61,"column":3}},"line":25}},"branchMap":{"0":{"loc":{"start":{"line":26,"column":4},"end":{"line":59,"column":5}},"type":"if","locations":[{"start":{"line":26,"column":4},"end":{"line":59,"column":5}},{"start":{"line":32,"column":11},"end":{"line":59,"column":5}}],"line":26},"1":{"loc":{"start":{"line":28,"column":8},"end":{"line":30,"column":9}},"type":"if","locations":[{"start":{"line":28,"column":8},"end":{"line":30,"column":9}},{"start":{},"end":{}}],"line":28},"2":{"loc":{"start":{"line":32,"column":11},"end":{"line":59,"column":5}},"type":"if","locations":[{"start":{"line":32,"column":11},"end":{"line":59,"column":5}},{"start":{"line":45,"column":11},"end":{"line":59,"column":5}}],"line":32},"3":{"loc":{"start":{"line":32,"column":15},"end":{"line":32,"column":79}},"type":"binary-expr","locations":[{"start":{"line":32,"column":15},"end":{"line":32,"column":44}},{"start":{"line":32,"column":48},"end":{"line":32,"column":79}}],"line":32},"4":{"loc":{"start":{"line":36,"column":10},"end":{"line":39,"column":11}},"type":"if","locations":[{"start":{"line":36,"column":10},"end":{"line":39,"column":11}},{"start":{},"end":{}}],"line":36},"5":{"loc":{"start":{"line":36,"column":14},"end":{"line":36,"column":79}},"type":"binary-expr","locations":[{"start":{"line":36,"column":14},"end":{"line":36,"column":43}},{"start":{"line":36,"column":47},"end":{"line":36,"column":79}}],"line":36},"6":{"loc":{"start":{"line":41,"column":8},"end":{"line":43,"column":9}},"type":"if","locations":[{"start":{"line":41,"column":8},"end":{"line":43,"column":9}},{"start":{},"end":{}}],"line":41},"7":{"loc":{"start":{"line":45,"column":11},"end":{"line":59,"column":5}},"type":"if","locations":[{"start":{"line":45,"column":11},"end":{"line":59,"column":5}},{"start":{"line":53,"column":11},"end":{"line":59,"column":5}}],"line":45},"8":{"loc":{"start":{"line":45,"column":15},"end":{"line":45,"column":79}},"type":"binary-expr","locations":[{"start":{"line":45,"column":15},"end":{"line":45,"column":44}},{"start":{"line":45,"column":48},"end":{"line":45,"column":79}}],"line":45},"9":{"loc":{"start":{"line":49,"column":8},"end":{"line":51,"column":9}},"type":"if","locations":[{"start":{"line":49,"column":8},"end":{"line":51,"column":9}},{"start":{},"end":{}}],"line":49},"10":{"loc":{"start":{"line":55,"column":8},"end":{"line":57,"column":9}},"type":"if","locations":[{"start":{"line":55,"column":8},"end":{"line":57,"column":9}},{"start":{},"end":{}}],"line":55}},"s":{"0":1,"1":6,"2":1,"3":1,"4":1,"5":1,"6":5,"7":1,"8":1,"9":3,"10":3,"11":4,"12":2,"13":2,"14":3,"15":1,"16":4,"17":2,"18":2,"19":2,"20":2,"21":5,"22":1,"23":2,"24":2,"25":2,"26":2,"27":1,"28":1,"29":1},"f":{"0":6},"b":{"0":[1,5],"1":[1,0],"2":[1,4],"3":[5,3],"4":[2,2],"5":[4,4],"6":[1,2],"7":[2,2],"8":[4,2],"9":[1,4],"10":[2,0]},"_coverageSchema":"1a1c01bbd47fc00a2c39e90264f33305004495a9","hash":"46a5cc3293946e7fc329e271b257d422f305178d"}
,"/home/itproger/Desktop/coding/rsschool/alisherova-JSFEEN2022Q3/unit-testing/array_methods/includes.js": {"path":"/home/itproger/Desktop/coding/rsschool/alisherova-JSFEEN2022Q3/unit-testing/array_methods/includes.js","statementMap":{"0":{"start":{"line":19,"column":4},"end":{"line":23,"column":5}},"1":{"start":{"line":20,"column":8},"end":{"line":22,"column":9}},"2":{"start":{"line":21,"column":12},"end":{"line":21,"column":23}},"3":{"start":{"line":24,"column":4},"end":{"line":28,"column":5}},"4":{"start":{"line":25,"column":8},"end":{"line":27,"column":9}},"5":{"start":{"line":26,"column":12},"end":{"line":26,"column":52}},"6":{"start":{"line":29,"column":4},"end":{"line":31,"column":5}},"7":{"start":{"line":29,"column":17},"end":{"line":29,"column":26}},"8":{"start":{"line":30,"column":8},"end":{"line":30,"column":38}},"9":{"start":{"line":34,"column":0},"end":{"line":34,"column":64}},"10":{"start":{"line":35,"column":0},"end":{"line":35,"column":26}}},"fnMap":{"0":{"name":"includes","decl":{"start":{"line":18,"column":9},"end":{"line":18,"column":17}},"loc":{"start":{"line":18,"column":49},"end":{"line":32,"column":1}},"line":18}},"branchMap":{"0":{"loc":{"start":{"line":18,"column":37},"end":{"line":18,"column":48}},"type":"default-arg","locations":[{"start":{"line":18,"column":47},"end":{"line":18,"column":48}}],"line":18},"1":{"loc":{"start":{"line":19,"column":4},"end":{"line":23,"column":5}},"type":"if","locations":[{"start":{"line":19,"column":4},"end":{"line":23,"column":5}},{"start":{},"end":{}}],"line":19},"2":{"loc":{"start":{"line":20,"column":8},"end":{"line":22,"column":9}},"type":"if","locations":[{"start":{"line":20,"column":8},"end":{"line":22,"column":9}},{"start":{},"end":{}}],"line":20},"3":{"loc":{"start":{"line":24,"column":4},"end":{"line":28,"column":5}},"type":"if","locations":[{"start":{"line":24,"column":4},"end":{"line":28,"column":5}},{"start":{},"end":{}}],"line":24},"4":{"loc":{"start":{"line":24,"column":7},"end":{"line":24,"column":73}},"type":"binary-expr","locations":[{"start":{"line":24,"column":7},"end":{"line":24,"column":37}},{"start":{"line":24,"column":41},"end":{"line":24,"column":73}}],"line":24}},"s":{"0":6,"1":3,"2":2,"3":4,"4":1,"5":1,"6":3,"7":3,"8":3,"9":1,"10":1},"f":{"0":6},"b":{"0":[1],"1":[3,3],"2":[2,1],"3":[1,3],"4":[4,3]},"_coverageSchema":"1a1c01bbd47fc00a2c39e90264f33305004495a9","hash":"5e6095b21c1f00ae0ef59af21aba93a5a7b2b6fa"}
,"/home/itproger/Desktop/coding/rsschool/alisherova-JSFEEN2022Q3/unit-testing/array_methods/map.js": {"path":"/home/itproger/Desktop/coding/rsschool/alisherova-JSFEEN2022Q3/unit-testing/array_methods/map.js","statementMap":{"0":{"start":{"line":14,"column":12},"end":{"line":14,"column":50}},"1":{"start":{"line":21,"column":2},"end":{"line":21,"column":15}},"2":{"start":{"line":25,"column":10},"end":{"line":25,"column":11}},"3":{"start":{"line":26,"column":17},"end":{"line":26,"column":19}},"4":{"start":{"line":27,"column":2},"end":{"line":33,"column":3}},"5":{"start":{"line":28,"column":4},"end":{"line":31,"column":35}},"6":{"start":{"line":32,"column":4},"end":{"line":32,"column":11}},"7":{"start":{"line":34,"column":2},"end":{"line":34,"column":18}},"8":{"start":{"line":37,"column":0},"end":{"line":37,"column":32}},"9":{"start":{"line":39,"column":0},"end":{"line":39,"column":21}}},"fnMap":{"0":{"name":"square","decl":{"start":{"line":20,"column":9},"end":{"line":20,"column":15}},"loc":{"start":{"line":20,"column":19},"end":{"line":22,"column":1}},"line":20},"1":{"name":"map","decl":{"start":{"line":24,"column":9},"end":{"line":24,"column":12}},"loc":{"start":{"line":24,"column":35},"end":{"line":35,"column":1}},"line":24}},"branchMap":{"0":{"loc":{"start":{"line":29,"column":6},"end":{"line":31,"column":34}},"type":"cond-expr","locations":[{"start":{"line":30,"column":10},"end":{"line":30,"column":34}},{"start":{"line":31,"column":10},"end":{"line":31,"column":34}}],"line":29}},"s":{"0":1,"1":0,"2":3,"3":3,"4":3,"5":8,"6":8,"7":3,"8":1,"9":1},"f":{"0":0,"1":3},"b":{"0":[5,3]},"_coverageSchema":"1a1c01bbd47fc00a2c39e90264f33305004495a9","hash":"ae4f82286b97ad190a1b6adc8a0699257fb8ff2e"}
,"/home/itproger/Desktop/coding/rsschool/alisherova-JSFEEN2022Q3/unit-testing/array_methods/take.js": {"path":"/home/itproger/Desktop/coding/rsschool/alisherova-JSFEEN2022Q3/unit-testing/array_methods/take.js","statementMap":{"0":{"start":{"line":16,"column":19},"end":{"line":16,"column":21}},"1":{"start":{"line":17,"column":4},"end":{"line":17,"column":38}},"2":{"start":{"line":17,"column":25},"end":{"line":17,"column":38}},"3":{"start":{"line":18,"column":4},"end":{"line":24,"column":5}},"4":{"start":{"line":19,"column":8},"end":{"line":22,"column":9}},"5":{"start":{"line":19,"column":20},"end":{"line":19,"column":21}},"6":{"start":{"line":19,"column":27},"end":{"line":19,"column":28}},"7":{"start":{"line":20,"column":12},"end":{"line":20,"column":34}},"8":{"start":{"line":21,"column":12},"end":{"line":21,"column":16}},"9":{"start":{"line":23,"column":8},"end":{"line":23,"column":24}},"10":{"start":{"line":25,"column":4},"end":{"line":25,"column":16}},"11":{"start":{"line":28,"column":0},"end":{"line":28,"column":32}},"12":{"start":{"line":29,"column":0},"end":{"line":29,"column":21}}},"fnMap":{"0":{"name":"take","decl":{"start":{"line":15,"column":9},"end":{"line":15,"column":13}},"loc":{"start":{"line":15,"column":27},"end":{"line":26,"column":1}},"line":15}},"branchMap":{"0":{"loc":{"start":{"line":15,"column":21},"end":{"line":15,"column":26}},"type":"default-arg","locations":[{"start":{"line":15,"column":25},"end":{"line":15,"column":26}}],"line":15},"1":{"loc":{"start":{"line":17,"column":4},"end":{"line":17,"column":38}},"type":"if","locations":[{"start":{"line":17,"column":4},"end":{"line":17,"column":38}},{"start":{},"end":{}}],"line":17},"2":{"loc":{"start":{"line":18,"column":4},"end":{"line":24,"column":5}},"type":"if","locations":[{"start":{"line":18,"column":4},"end":{"line":24,"column":5}},{"start":{},"end":{}}],"line":18}},"s":{"0":6,"1":6,"2":2,"3":4,"4":2,"5":2,"6":2,"7":4,"8":4,"9":2,"10":2,"11":1,"12":1},"f":{"0":6},"b":{"0":[1],"1":[2,4],"2":[2,2]},"_coverageSchema":"1a1c01bbd47fc00a2c39e90264f33305004495a9","hash":"d04beaf199664459cd2ba05c6eb07debd56081d1"}
,"/home/itproger/Desktop/coding/rsschool/alisherova-JSFEEN2022Q3/unit-testing/array_methods/zip.js": {"path":"/home/itproger/Desktop/coding/rsschool/alisherova-JSFEEN2022Q3/unit-testing/array_methods/zip.js","statementMap":{"0":{"start":{"line":9,"column":14},"end":{"line":9,"column":16}},"1":{"start":{"line":10,"column":4},"end":{"line":12,"column":5}},"2":{"start":{"line":11,"column":8},"end":{"line":11,"column":26}},"3":{"start":{"line":13,"column":4},"end":{"line":22,"column":5}},"4":{"start":{"line":14,"column":8},"end":{"line":21,"column":9}},"5":{"start":{"line":14,"column":21},"end":{"line":14,"column":22}},"6":{"start":{"line":14,"column":28},"end":{"line":14,"column":29}},"7":{"start":{"line":15,"column":27},"end":{"line":15,"column":29}},"8":{"start":{"line":16,"column":12},"end":{"line":18,"column":13}},"9":{"start":{"line":16,"column":25},"end":{"line":16,"column":26}},"10":{"start":{"line":17,"column":16},"end":{"line":17,"column":43}},"11":{"start":{"line":19,"column":12},"end":{"line":19,"column":30}},"12":{"start":{"line":20,"column":12},"end":{"line":20,"column":19}},"13":{"start":{"line":23,"column":4},"end":{"line":23,"column":15}},"14":{"start":{"line":26,"column":0},"end":{"line":26,"column":59}},"15":{"start":{"line":28,"column":0},"end":{"line":28,"column":21}}},"fnMap":{"0":{"name":"zip","decl":{"start":{"line":8,"column":9},"end":{"line":8,"column":12}},"loc":{"start":{"line":8,"column":24},"end":{"line":24,"column":1}},"line":8}},"branchMap":{"0":{"loc":{"start":{"line":10,"column":4},"end":{"line":12,"column":5}},"type":"if","locations":[{"start":{"line":10,"column":4},"end":{"line":12,"column":5}},{"start":{},"end":{}}],"line":10},"1":{"loc":{"start":{"line":13,"column":4},"end":{"line":22,"column":5}},"type":"if","locations":[{"start":{"line":13,"column":4},"end":{"line":22,"column":5}},{"start":{},"end":{}}],"line":13}},"s":{"0":3,"1":3,"2":0,"3":3,"4":2,"5":2,"6":2,"7":5,"8":5,"9":5,"10":17,"11":5,"12":5,"13":3,"14":1,"15":1},"f":{"0":3},"b":{"0":[0,3],"1":[2,1]},"_coverageSchema":"1a1c01bbd47fc00a2c39e90264f33305004495a9","hash":"45960ac7c056054e0aba8d88f4cc33b84001eef0"}
,"/home/itproger/Desktop/coding/rsschool/alisherova-JSFEEN2022Q3/unit-testing/object_methods/merge.js": {"path":"/home/itproger/Desktop/coding/rsschool/alisherova-JSFEEN2022Q3/unit-testing/object_methods/merge.js","statementMap":{"0":{"start":{"line":6,"column":13},"end":{"line":8,"column":1}},"1":{"start":{"line":10,"column":12},"end":{"line":12,"column":1}},"2":{"start":{"line":18,"column":15},"end":{"line":18,"column":17}},"3":{"start":{"line":19,"column":2},"end":{"line":33,"column":3}},"4":{"start":{"line":20,"column":4},"end":{"line":20,"column":28}},"5":{"start":{"line":21,"column":4},"end":{"line":32,"column":5}},"6":{"start":{"line":22,"column":6},"end":{"line":31,"column":7}},"7":{"start":{"line":23,"column":8},"end":{"line":23,"column":54}},"8":{"start":{"line":24,"column":8},"end":{"line":24,"column":22}},"9":{"start":{"line":26,"column":8},"end":{"line":29,"column":10}},"10":{"start":{"line":30,"column":8},"end":{"line":30,"column":22}},"11":{"start":{"line":34,"column":2},"end":{"line":34,"column":16}},"12":{"start":{"line":36,"column":0},"end":{"line":36,"column":34}},"13":{"start":{"line":38,"column":0},"end":{"line":38,"column":23}}},"fnMap":{"0":{"name":"merge","decl":{"start":{"line":17,"column":9},"end":{"line":17,"column":14}},"loc":{"start":{"line":17,"column":27},"end":{"line":35,"column":1}},"line":17}},"branchMap":{"0":{"loc":{"start":{"line":22,"column":6},"end":{"line":31,"column":7}},"type":"if","locations":[{"start":{"line":22,"column":6},"end":{"line":31,"column":7}},{"start":{"line":25,"column":12},"end":{"line":31,"column":7}}],"line":22}},"s":{"0":1,"1":1,"2":5,"3":5,"4":5,"5":5,"6":3,"7":2,"8":2,"9":1,"10":1,"11":2,"12":1,"13":1},"f":{"0":5},"b":{"0":[2,1]},"_coverageSchema":"1a1c01bbd47fc00a2c39e90264f33305004495a9","hash":"864086c4f50482b1dfb46d25ad40e38703546922"}
,"/home/itproger/Desktop/coding/rsschool/alisherova-JSFEEN2022Q3/unit-testing/object_methods/omit.js": {"path":"/home/itproger/Desktop/coding/rsschool/alisherova-JSFEEN2022Q3/unit-testing/object_methods/omit.js","statementMap":{"0":{"start":{"line":4,"column":13},"end":{"line":4,"column":41}},"1":{"start":{"line":10,"column":17},"end":{"line":10,"column":19}},"2":{"start":{"line":11,"column":4},"end":{"line":22,"column":5}},"3":{"start":{"line":12,"column":17},"end":{"line":12,"column":21}},"4":{"start":{"line":13,"column":6},"end":{"line":18,"column":7}},"5":{"start":{"line":13,"column":19},"end":{"line":13,"column":20}},"6":{"start":{"line":14,"column":8},"end":{"line":17,"column":9}},"7":{"start":{"line":15,"column":10},"end":{"line":15,"column":23}},"8":{"start":{"line":16,"column":10},"end":{"line":16,"column":16}},"9":{"start":{"line":19,"column":6},"end":{"line":21,"column":7}},"10":{"start":{"line":20,"column":8},"end":{"line":20,"column":31}},"11":{"start":{"line":23,"column":4},"end":{"line":23,"column":18}},"12":{"start":{"line":26,"column":0},"end":{"line":26,"column":38}},"13":{"start":{"line":28,"column":0},"end":{"line":28,"column":22}}},"fnMap":{"0":{"name":"omit","decl":{"start":{"line":9,"column":9},"end":{"line":9,"column":13}},"loc":{"start":{"line":9,"column":25},"end":{"line":24,"column":3}},"line":9}},"branchMap":{"0":{"loc":{"start":{"line":14,"column":8},"end":{"line":17,"column":9}},"type":"if","locations":[{"start":{"line":14,"column":8},"end":{"line":17,"column":9}},{"start":{},"end":{}}],"line":14},"1":{"loc":{"start":{"line":19,"column":6},"end":{"line":21,"column":7}},"type":"if","locations":[{"start":{"line":19,"column":6},"end":{"line":21,"column":7}},{"start":{},"end":{}}],"line":19}},"s":{"0":1,"1":6,"2":6,"3":15,"4":15,"5":15,"6":22,"7":7,"8":7,"9":15,"10":8,"11":6,"12":1,"13":1},"f":{"0":6},"b":{"0":[7,15],"1":[8,7]},"_coverageSchema":"1a1c01bbd47fc00a2c39e90264f33305004495a9","hash":"46700e260fe10746c3577ef23372292f5603c9b1"}
,"/home/itproger/Desktop/coding/rsschool/alisherova-JSFEEN2022Q3/unit-testing/object_methods/omitBy.js": {"path":"/home/itproger/Desktop/coding/rsschool/alisherova-JSFEEN2022Q3/unit-testing/object_methods/omitBy.js","statementMap":{"0":{"start":{"line":11,"column":12},"end":{"line":11,"column":24}},"1":{"start":{"line":12,"column":4},"end":{"line":17,"column":5}},"2":{"start":{"line":13,"column":27},"end":{"line":13,"column":48}},"3":{"start":{"line":14,"column":27},"end":{"line":14,"column":48}},"4":{"start":{"line":15,"column":30},"end":{"line":15,"column":54}},"5":{"start":{"line":16,"column":17},"end":{"line":16,"column":27}},"6":{"start":{"line":21,"column":17},"end":{"line":21,"column":19}},"7":{"start":{"line":22,"column":4},"end":{"line":26,"column":5}},"8":{"start":{"line":23,"column":8},"end":{"line":25,"column":9}},"9":{"start":{"line":24,"column":12},"end":{"line":24,"column":37}},"10":{"start":{"line":27,"column":4},"end":{"line":27,"column":17}},"11":{"start":{"line":30,"column":0},"end":{"line":30,"column":51}},"12":{"start":{"line":31,"column":0},"end":{"line":31,"column":24}}},"fnMap":{"0":{"name":"predicate","decl":{"start":{"line":10,"column":9},"end":{"line":10,"column":18}},"loc":{"start":{"line":10,"column":30},"end":{"line":18,"column":1}},"line":10},"1":{"name":"omitBy","decl":{"start":{"line":20,"column":9},"end":{"line":20,"column":15}},"loc":{"start":{"line":20,"column":30},"end":{"line":28,"column":1}},"line":20}},"branchMap":{"0":{"loc":{"start":{"line":12,"column":4},"end":{"line":17,"column":5}},"type":"switch","locations":[{"start":{"line":13,"column":8},"end":{"line":13,"column":48}},{"start":{"line":14,"column":8},"end":{"line":14,"column":48}},{"start":{"line":15,"column":8},"end":{"line":15,"column":54}},{"start":{"line":16,"column":8},"end":{"line":16,"column":27}}],"line":12},"1":{"loc":{"start":{"line":23,"column":8},"end":{"line":25,"column":9}},"type":"if","locations":[{"start":{"line":23,"column":8},"end":{"line":25,"column":9}},{"start":{},"end":{}}],"line":23}},"s":{"0":25,"1":25,"2":10,"3":7,"4":4,"5":4,"6":7,"7":7,"8":25,"9":14,"10":7,"11":1,"12":1},"f":{"0":25,"1":7},"b":{"0":[10,7,4,4],"1":[14,11]},"_coverageSchema":"1a1c01bbd47fc00a2c39e90264f33305004495a9","hash":"4186d02d25fd866e17193c65599ed07a6202cd8e"}
,"/home/itproger/Desktop/coding/rsschool/alisherova-JSFEEN2022Q3/unit-testing/object_methods/pick.js": {"path":"/home/itproger/Desktop/coding/rsschool/alisherova-JSFEEN2022Q3/unit-testing/object_methods/pick.js","statementMap":{"0":{"start":{"line":3,"column":13},"end":{"line":3,"column":41}},"1":{"start":{"line":9,"column":17},"end":{"line":9,"column":19}},"2":{"start":{"line":10,"column":4},"end":{"line":16,"column":5}},"3":{"start":{"line":11,"column":8},"end":{"line":15,"column":9}},"4":{"start":{"line":11,"column":20},"end":{"line":11,"column":21}},"5":{"start":{"line":12,"column":12},"end":{"line":14,"column":13}},"6":{"start":{"line":13,"column":16},"end":{"line":13,"column":42}},"7":{"start":{"line":17,"column":4},"end":{"line":17,"column":18}},"8":{"start":{"line":20,"column":0},"end":{"line":20,"column":38}},"9":{"start":{"line":22,"column":0},"end":{"line":22,"column":22}}},"fnMap":{"0":{"name":"pick","decl":{"start":{"line":8,"column":9},"end":{"line":8,"column":13}},"loc":{"start":{"line":8,"column":29},"end":{"line":18,"column":1}},"line":8}},"branchMap":{"0":{"loc":{"start":{"line":12,"column":12},"end":{"line":14,"column":13}},"type":"if","locations":[{"start":{"line":12,"column":12},"end":{"line":14,"column":13}},{"start":{},"end":{}}],"line":12}},"s":{"0":1,"1":7,"2":7,"3":18,"4":18,"5":30,"6":8,"7":7,"8":1,"9":1},"f":{"0":7},"b":{"0":[8,22]},"_coverageSchema":"1a1c01bbd47fc00a2c39e90264f33305004495a9","hash":"11d825fce374cb015699861246a116b8faa74283"}
,"/home/itproger/Desktop/coding/rsschool/alisherova-JSFEEN2022Q3/unit-testing/object_methods/pickBy.js": {"path":"/home/itproger/Desktop/coding/rsschool/alisherova-JSFEEN2022Q3/unit-testing/object_methods/pickBy.js","statementMap":{"0":{"start":{"line":4,"column":13},"end":{"line":4,"column":41}},"1":{"start":{"line":10,"column":12},"end":{"line":10,"column":24}},"2":{"start":{"line":11,"column":4},"end":{"line":16,"column":5}},"3":{"start":{"line":12,"column":27},"end":{"line":12,"column":48}},"4":{"start":{"line":13,"column":27},"end":{"line":13,"column":48}},"5":{"start":{"line":14,"column":30},"end":{"line":14,"column":54}},"6":{"start":{"line":15,"column":17},"end":{"line":15,"column":27}},"7":{"start":{"line":20,"column":17},"end":{"line":20,"column":19}},"8":{"start":{"line":22,"column":4},"end":{"line":26,"column":5}},"9":{"start":{"line":23,"column":8},"end":{"line":25,"column":9}},"10":{"start":{"line":24,"column":12},"end":{"line":24,"column":38}},"11":{"start":{"line":27,"column":4},"end":{"line":27,"column":18}},"12":{"start":{"line":30,"column":0},"end":{"line":30,"column":28}},"13":{"start":{"line":32,"column":0},"end":{"line":32,"column":24}}},"fnMap":{"0":{"name":"predicate","decl":{"start":{"line":9,"column":9},"end":{"line":9,"column":18}},"loc":{"start":{"line":9,"column":30},"end":{"line":17,"column":1}},"line":9},"1":{"name":"pickBy","decl":{"start":{"line":19,"column":9},"end":{"line":19,"column":15}},"loc":{"start":{"line":19,"column":30},"end":{"line":28,"column":1}},"line":19}},"branchMap":{"0":{"loc":{"start":{"line":11,"column":4},"end":{"line":16,"column":5}},"type":"switch","locations":[{"start":{"line":12,"column":8},"end":{"line":12,"column":48}},{"start":{"line":13,"column":8},"end":{"line":13,"column":48}},{"start":{"line":14,"column":8},"end":{"line":14,"column":54}},{"start":{"line":15,"column":8},"end":{"line":15,"column":27}}],"line":11},"1":{"loc":{"start":{"line":23,"column":8},"end":{"line":25,"column":9}},"type":"if","locations":[{"start":{"line":23,"column":8},"end":{"line":25,"column":9}},{"start":{},"end":{}}],"line":23}},"s":{"0":1,"1":21,"2":21,"3":13,"4":4,"5":4,"6":0,"7":6,"8":6,"9":21,"10":8,"11":6,"12":1,"13":1},"f":{"0":21,"1":6},"b":{"0":[13,4,4,0],"1":[8,13]},"_coverageSchema":"1a1c01bbd47fc00a2c39e90264f33305004495a9","hash":"46000e163decdfc2cc1d500fff12727309902b92"}
,"/home/itproger/Desktop/coding/rsschool/alisherova-JSFEEN2022Q3/unit-testing/object_methods/toPairs.js": {"path":"/home/itproger/Desktop/coding/rsschool/alisherova-JSFEEN2022Q3/unit-testing/object_methods/toPairs.js","statementMap":{"0":{"start":{"line":15,"column":18},"end":{"line":15,"column":20}},"1":{"start":{"line":16,"column":12},"end":{"line":16,"column":13}},"2":{"start":{"line":17,"column":4},"end":{"line":22,"column":5}},"3":{"start":{"line":18,"column":6},"end":{"line":21,"column":7}},"4":{"start":{"line":19,"column":8},"end":{"line":19,"column":35}},"5":{"start":{"line":20,"column":8},"end":{"line":20,"column":12}},"6":{"start":{"line":23,"column":4},"end":{"line":23,"column":17}},"7":{"start":{"line":27,"column":4},"end":{"line":27,"column":15}},"8":{"start":{"line":28,"column":4},"end":{"line":28,"column":15}},"9":{"start":{"line":31,"column":2},"end":{"line":31,"column":22}},"10":{"start":{"line":33,"column":2},"end":{"line":33,"column":32}},"11":{"start":{"line":36,"column":0},"end":{"line":36,"column":25}}},"fnMap":{"0":{"name":"toPairs","decl":{"start":{"line":14,"column":9},"end":{"line":14,"column":16}},"loc":{"start":{"line":14,"column":22},"end":{"line":24,"column":3}},"line":14},"1":{"name":"Foo","decl":{"start":{"line":26,"column":11},"end":{"line":26,"column":14}},"loc":{"start":{"line":26,"column":17},"end":{"line":29,"column":3}},"line":26}},"branchMap":{"0":{"loc":{"start":{"line":18,"column":6},"end":{"line":21,"column":7}},"type":"if","locations":[{"start":{"line":18,"column":6},"end":{"line":21,"column":7}},{"start":{},"end":{}}],"line":18}},"s":{"0":3,"1":3,"2":3,"3":5,"4":5,"5":5,"6":3,"7":1,"8":1,"9":1,"10":1,"11":1},"f":{"0":3,"1":1},"b":{"0":[5,0]},"_coverageSchema":"1a1c01bbd47fc00a2c39e90264f33305004495a9","hash":"e9445141b072093bd0a3f17bc2c3f36ac3ddf92f"}
}
