TN:
SF:array_methods/chunk.js
FN:1,chunk
FNF:1
FNH:1
FNDA:3,chunk
DA:3,3
DA:5,3
DA:6,11
DA:7,11
DA:8,13
DA:10,11
DA:13,3
DA:16,1
DA:18,1
LF:9
LH:9
BRDA:1,0,0,2
BRDA:7,1,0,24
BRDA:7,1,1,14
BRF:3
BRH:3
end_of_record
TN:
SF:array_methods/compact.js
FN:7,compact
FNF:1
FNH:1
FNDA:3,compact
DA:8,3
DA:9,3
DA:10,18
DA:11,6
DA:12,6
DA:15,3
DA:18,1
DA:20,1
LF:8
LH:8
BRDA:10,0,0,6
BRDA:10,0,1,12
BRF:2
BRH:2
end_of_record
TN:
SF:array_methods/drop.js
FN:15,drop
FNF:1
FNH:1
FNDA:6,drop
DA:16,6
DA:17,6
DA:18,4
DA:19,6
DA:20,6
DA:22,4
DA:24,2
DA:28,1
DA:30,1
LF:9
LH:9
BRDA:15,0,0,1
BRDA:17,1,0,4
BRDA:17,1,1,2
BRF:3
BRH:3
end_of_record
TN:
SF:array_methods/dropWhile.js
FN:27,dropWhile
FN:75,(anonymous_1)
FNF:2
FNH:2
FNDA:4,dropWhile
FNDA:3,(anonymous_1)
DA:5,1
DA:28,4
DA:29,1
DA:30,3
DA:31,1
DA:35,3
DA:36,3
DA:37,3
DA:38,9
DA:39,24
DA:40,6
DA:41,3
DA:42,3
DA:43,3
DA:46,21
DA:47,9
DA:48,17
DA:49,17
DA:50,1
DA:51,1
DA:52,1
DA:57,21
DA:59,9
DA:60,17
DA:61,3
DA:62,2
DA:63,2
DA:64,2
DA:66,1
DA:72,3
DA:75,3
DA:76,1
LF:32
LH:32
BRDA:28,0,0,1
BRDA:28,0,1,3
BRDA:30,1,0,1
BRDA:30,1,1,2
BRDA:39,2,0,6
BRDA:39,2,1,18
BRDA:40,3,0,3
BRDA:40,3,1,3
BRDA:46,4,0,9
BRDA:46,4,1,12
BRDA:46,5,0,21
BRDA:46,5,1,18
BRDA:48,6,0,17
BRDA:48,6,1,0
BRDA:49,7,0,1
BRDA:49,7,1,16
BRDA:49,8,0,17
BRDA:49,8,1,5
BRDA:49,9,0,5
BRDA:49,9,1,0
BRDA:57,10,0,9
BRDA:57,10,1,12
BRDA:57,11,0,21
BRDA:57,11,1,18
BRDA:60,12,0,3
BRDA:60,12,1,14
BRDA:60,13,0,17
BRDA:60,13,1,6
BRDA:61,14,0,2
BRDA:61,14,1,1
BRF:30
BRH:28
end_of_record
TN:
SF:array_methods/filter.js
FN:26,filter
FNF:1
FNH:1
FNDA:5,filter
DA:3,1
DA:27,5
DA:28,1
DA:29,2
DA:30,1
DA:34,4
DA:35,7
DA:36,19
DA:37,6
DA:38,2
DA:41,17
DA:42,6
DA:43,11
DA:44,11
DA:45,1
DA:50,16
DA:51,7
DA:52,13
DA:53,1
DA:61,1
DA:63,1
LF:21
LH:21
BRDA:27,0,0,1
BRDA:27,0,1,4
BRDA:29,1,0,1
BRDA:29,1,1,1
BRDA:36,2,0,6
BRDA:36,2,1,13
BRDA:37,3,0,2
BRDA:37,3,1,4
BRDA:37,4,0,6
BRDA:37,4,1,2
BRDA:41,5,0,6
BRDA:41,5,1,11
BRDA:41,6,0,17
BRDA:41,6,1,13
BRDA:43,7,0,11
BRDA:43,7,1,0
BRDA:44,8,0,1
BRDA:44,8,1,10
BRDA:44,9,0,11
BRDA:44,9,1,3
BRDA:44,10,0,3
BRDA:44,10,1,0
BRDA:50,11,0,7
BRDA:50,11,1,9
BRDA:50,12,0,16
BRDA:50,12,1,12
BRDA:52,13,0,1
BRDA:52,13,1,12
BRDA:52,14,0,13
BRDA:52,14,1,5
BRF:30
BRH:28
end_of_record
TN:
SF:array_methods/find.js
FN:25,find
FNF:1
FNH:1
FNDA:6,find
DA:4,1
DA:26,6
DA:27,1
DA:28,1
DA:29,1
DA:32,5
DA:33,1
DA:34,3
DA:35,3
DA:36,4
DA:37,2
DA:38,2
DA:41,3
DA:42,1
DA:45,4
DA:46,2
DA:47,2
DA:48,2
DA:49,5
DA:50,1
DA:54,2
DA:55,2
DA:56,2
DA:60,1
DA:64,1
DA:65,1
LF:26
LH:26
BRDA:26,0,0,1
BRDA:26,0,1,5
BRDA:28,1,0,1
BRDA:28,1,1,0
BRDA:32,2,0,1
BRDA:32,2,1,4
BRDA:32,3,0,5
BRDA:32,3,1,3
BRDA:36,4,0,2
BRDA:36,4,1,2
BRDA:36,5,0,4
BRDA:36,5,1,4
BRDA:41,6,0,1
BRDA:41,6,1,2
BRDA:45,7,0,2
BRDA:45,7,1,2
BRDA:45,8,0,4
BRDA:45,8,1,2
BRDA:49,9,0,1
BRDA:49,9,1,4
BRDA:55,10,0,2
BRDA:55,10,1,0
BRF:22
BRH:20
end_of_record
TN:
SF:array_methods/includes.js
FN:18,includes
FNF:1
FNH:1
FNDA:6,includes
DA:19,6
DA:20,3
DA:21,2
DA:24,4
DA:25,1
DA:26,1
DA:29,3
DA:30,3
DA:34,1
DA:35,1
LF:10
LH:10
BRDA:18,0,0,1
BRDA:19,1,0,3
BRDA:19,1,1,3
BRDA:20,2,0,2
BRDA:20,2,1,1
BRDA:24,3,0,1
BRDA:24,3,1,3
BRDA:24,4,0,4
BRDA:24,4,1,3
BRF:9
BRH:9
end_of_record
TN:
SF:array_methods/map.js
FN:20,square
FN:24,map
FNF:2
FNH:1
FNDA:0,square
FNDA:3,map
DA:14,1
DA:21,0
DA:25,3
DA:26,3
DA:27,3
DA:28,8
DA:32,8
DA:34,3
DA:37,1
DA:39,1
LF:10
LH:9
BRDA:29,0,0,5
BRDA:29,0,1,3
BRF:2
BRH:2
end_of_record
TN:
SF:array_methods/take.js
FN:15,take
FNF:1
FNH:1
FNDA:6,take
DA:16,6
DA:17,6
DA:18,4
DA:19,2
DA:20,4
DA:21,4
DA:23,2
DA:25,2
DA:28,1
DA:29,1
LF:10
LH:10
BRDA:15,0,0,1
BRDA:17,1,0,2
BRDA:17,1,1,4
BRDA:18,2,0,2
BRDA:18,2,1,2
BRF:5
BRH:5
end_of_record
TN:
SF:array_methods/zip.js
FN:8,zip
FNF:1
FNH:1
FNDA:3,zip
DA:9,3
DA:10,3
DA:11,0
DA:13,3
DA:14,2
DA:15,5
DA:16,5
DA:17,17
DA:19,5
DA:20,5
DA:23,3
DA:26,1
DA:28,1
LF:13
LH:12
BRDA:10,0,0,0
BRDA:10,0,1,3
BRDA:13,1,0,2
BRDA:13,1,1,1
BRF:4
BRH:3
end_of_record
TN:
SF:object_methods/merge.js
FN:17,merge
FNF:1
FNH:1
FNDA:5,merge
DA:6,1
DA:10,1
DA:18,5
DA:19,5
DA:20,5
DA:21,5
DA:22,3
DA:23,2
DA:24,2
DA:26,1
DA:30,1
DA:34,2
DA:36,1
DA:38,1
LF:14
LH:14
BRDA:22,0,0,2
BRDA:22,0,1,1
BRF:2
BRH:2
end_of_record
TN:
SF:object_methods/omit.js
FN:9,omit
FNF:1
FNH:1
FNDA:6,omit
DA:4,1
DA:10,6
DA:11,6
DA:12,15
DA:13,15
DA:14,22
DA:15,7
DA:16,7
DA:19,15
DA:20,8
DA:23,6
DA:26,1
DA:28,1
LF:13
LH:13
BRDA:14,0,0,7
BRDA:14,0,1,15
BRDA:19,1,0,8
BRDA:19,1,1,7
BRF:4
BRH:4
end_of_record
TN:
SF:object_methods/omitBy.js
FN:10,predicate
FN:20,omitBy
FNF:2
FNH:2
FNDA:25,predicate
FNDA:7,omitBy
DA:11,25
DA:12,25
DA:13,10
DA:14,7
DA:15,4
DA:16,4
DA:21,7
DA:22,7
DA:23,25
DA:24,14
DA:27,7
DA:30,1
DA:31,1
LF:13
LH:13
BRDA:12,0,0,10
BRDA:12,0,1,7
BRDA:12,0,2,4
BRDA:12,0,3,4
BRDA:23,1,0,14
BRDA:23,1,1,11
BRF:6
BRH:6
end_of_record
TN:
SF:object_methods/pick.js
FN:8,pick
FNF:1
FNH:1
FNDA:7,pick
DA:3,1
DA:9,7
DA:10,7
DA:11,18
DA:12,30
DA:13,8
DA:17,7
DA:20,1
DA:22,1
LF:9
LH:9
BRDA:12,0,0,8
BRDA:12,0,1,22
BRF:2
BRH:2
end_of_record
TN:
SF:object_methods/pickBy.js
FN:9,predicate
FN:19,pickBy
FNF:2
FNH:2
FNDA:21,predicate
FNDA:6,pickBy
DA:4,1
DA:10,21
DA:11,21
DA:12,13
DA:13,4
DA:14,4
DA:15,0
DA:20,6
DA:22,6
DA:23,21
DA:24,8
DA:27,6
DA:30,1
DA:32,1
LF:14
LH:13
BRDA:11,0,0,13
BRDA:11,0,1,4
BRDA:11,0,2,4
BRDA:11,0,3,0
BRDA:23,1,0,8
BRDA:23,1,1,13
BRF:6
BRH:5
end_of_record
TN:
SF:object_methods/toPairs.js
FN:14,toPairs
FN:26,Foo
FNF:2
FNH:2
FNDA:3,toPairs
FNDA:1,Foo
DA:15,3
DA:16,3
DA:17,3
DA:18,5
DA:19,5
DA:20,5
DA:23,3
DA:27,1
DA:28,1
DA:31,1
DA:33,1
DA:36,1
LF:12
LH:12
BRDA:18,0,0,5
BRDA:18,0,1,0
BRF:2
BRH:1
end_of_record
